<?xml version="1.0" encoding="UTF-8"?>
<testsuite name="co.konecta.sura.certificate.runners.parameterization.CallReasonsParameterizationRunner" tests="0" skipped="0" failures="0" errors="0" timestamp="1970-01-01T00:00:00" hostname="ANKCRM38M" time="0.0">
  <properties/>
  <system-out><![CDATA[
Failed scenarios:
src/test/resources/features/callreasonsparameterization.feature:49 # Successful call reasons Service Request Not Catastrophic Event

2 Scenarios (1 failed, 1 passed)
16 Steps (1 failed, 15 passed)
0m58,395s

java.lang.AssertionError: 
Expecting This the toast validation with text value that is equal to: <"Registro guardado correctamente">
But got.............................................................: <"No se puede guardar, Ya se encuentra parametrizado un servicio de llamada con el mismo nombre">
	at net.serenitybdd.screenplay.ensure.PerformableExpectation.performAs(Ensure.kt:49)
	at net.serenitybdd.screenplay.Actor.performTask(Actor.java:232)
	at net.serenitybdd.screenplay.Actor.perform(Actor.java:213)
	at net.serenitybdd.screenplay.Actor.performWithoutReporting(Actor.java:197)
	at net.serenitybdd.screenplay.Actor.attemptsTo(Actor.java:168)
	at co.konecta.sura.certificate.stepsdefinitions.parameterization.CallReasonsParameterizationStepsDefinitions.IViewTheModalSaveCallReasonsParameterization(CallReasonsParameterizationStepsDefinitions.java:77)
	at ?.I view the modal save call reasons parameterization Registro guardado correctamente(src/test/resources/features/callreasonsparameterization.feature:45)

]]></system-out>
  <system-err><![CDATA[[Test worker] INFO net.thucydides.core.steps.ConsoleLoggingListener - 

-------------------------------------------------------------------------------------
     _______. _______ .______       _______ .__   __.  __  .___________.____    ____ 
    /       ||   ____||   _  \     |   ____||  \ |  | |  | |           |\   \  /   / 
   |   (----`|  |__   |  |_)  |    |  |__   |   \|  | |  | `---|  |----` \   \/   /  
    \   \    |   __|  |      /     |   __|  |  . `  | |  |     |  |       \_    _/   
.----)   |   |  |____ |  |\  \----.|  |____ |  |\   | |  |     |  |         |  |     
|_______/    |_______|| _| `._____||_______||__| \__| |__|     |__|         |__|    
                                                                                     
 News and tutorials at http://www.serenity-bdd.info                                  
 Documentation at https://wakaleo.gitbooks.io/the-serenity-book/content/             
 Join the Serenity Community on Rocket Chat at https://serenity-bdd.rocket.chat      
 Serenity BDD Support and Training at http://serenity-bdd.info/#/trainingandsupport  
 Learn Serenity BDD online at http://serenity-dojo.com                               
-------------------------------------------------------------------------------------

[Test worker] INFO net.thucydides.core.steps.ConsoleLoggingListener - Test Suite Started: Call reasons parameterization
[Test worker] INFO net.thucydides.core.steps.ConsoleLoggingListener - 
 _____ _____ ____ _____   ____ _____  _    ____ _____ _____ ____  
|_   _| ____/ ___|_   _| / ___|_   _|/ \  |  _ \_   _| ____|  _ \ 
  | | |  _| \___ \ | |   \___ \ | | / _ \ | |_) || | |  _| | | | |
  | | | |___ ___) || |    ___) || |/ ___ \|  _ < | | | |___| |_| |
  |_| |_____|____/ |_|   |____/ |_/_/   \_\_| \_\|_| |_____|____/ 
                                                                  

TEST STARTED: Successful call reasons Service Request Not Catastrophic Event
-------------------------------------------------------------------(call-reasons-parameterization;successful-call-reasons-service-request-not-catastrophic-event)
[Test worker] ERROR net.thucydides.core.steps.ConsoleLoggingListener - 
           __  _____ _____ ____ _____   _____ _    ___ _     _____ ____  
  _       / / |_   _| ____/ ___|_   _| |  ___/ \  |_ _| |   | ____|  _ \ 
 (_)_____| |    | | |  _| \___ \ | |   | |_ / _ \  | || |   |  _| | | | |
  _|_____| |    | | | |___ ___) || |   |  _/ ___ \ | || |___| |___| |_| |
 (_)     | |    |_| |_____|____/ |_|   |_|/_/   \_\___|_____|_____|____/ 
          \_\                                                            

TEST FAILED: Successful call reasons Service Request Not Catastrophic Event
--------------------------------------------------------------------------
[Test worker] ERROR net.thucydides.core.steps.ConsoleLoggingListener - TEST FAILED AT STEP Then I view the modal save call reasons parameterization Registro guardado correctamente
[Test worker] ERROR net.thucydides.core.steps.ConsoleLoggingListener - Expecting This the toast validation with text value that is equal to: <"Registro guardado correctamente">But got.............................................................: <"No se puede guardar, Ya se encuentra parametrizado un servicio de llamada con el mismo nombre">
[Test worker] ERROR net.thucydides.core.steps.ConsoleLoggingListener - 
           __  _____ _____ ____ _____   _____ _    ___ _     _____ ____  
  _       / / |_   _| ____/ ___|_   _| |  ___/ \  |_ _| |   | ____|  _ \ 
 (_)_____| |    | | |  _| \___ \ | |   | |_ / _ \  | || |   |  _| | | | |
  _|_____| |    | | | |___ ___) || |   |  _/ ___ \ | || |___| |___| |_| |
 (_)     | |    |_| |_____|____/ |_|   |_|/_/   \_\___|_____|_____|____/ 
          \_\                                                            

TEST FAILED: Successful call reasons Service Request Not Catastrophic Event
--------------------------------------------------------------------------
[Test worker] ERROR net.thucydides.core.steps.ConsoleLoggingListener - TEST FAILED AT STEP Then I view the modal save call reasons parameterization Registro guardado correctamente
[Test worker] ERROR net.thucydides.core.steps.ConsoleLoggingListener - Expecting This the toast validation with text value that is equal to: <"Registro guardado correctamente">But got.............................................................: <"No se puede guardar, Ya se encuentra parametrizado un servicio de llamada con el mismo nombre">
]]></system-err>
</testsuite>
